Traceback (most recent call last):
  File "C:\Users\lenovo\projects\novelist\src\server.py", line 170, in run_session
    result = await orchestrator.run(topic, output_dir=SESSIONS_DIR)
             ^^^^^^^^^^^^^^^^^^^^^^^^^^^^^^^^^^^^^^^^^^^^^^^^^^^^^^
  File "C:\Users\lenovo\projects\novelist\src\ralph\orchestrator.py", line 203, in run
    await self._run_iteration()
  File "C:\Users\lenovo\projects\novelist\src\ralph\orchestrator.py", line 328, in _run_iteration
    best_state = await self.tree_search.run_search(root_state)
                 ^^^^^^^^^^^^^^^^^^^^^^^^^^^^^^^^^^^^^^^^^^^^^
  File "C:\Users\lenovo\projects\novelist\src\ralph\tree_search_orchestrator.py", line 49, in run_search
    best_node = await self.mcts.search(
                ^^^^^^^^^^^^^^^^^^^^^^^
    ...<2 lines>...
    )
    ^
  File "C:\Users\lenovo\projects\novelist\src\ralph\mcts.py", line 65, in search
    node = self._select(self.root)
  File "C:\Users\lenovo\projects\novelist\src\ralph\mcts.py", line 111, in _select
    current = current.best_child()
  File "C:\Users\lenovo\projects\novelist\src\ralph\tree.py", line 105, in best_child
    return max(self.children, key=lambda c: c.uct_score(exploration_weight))
  File "C:\Users\lenovo\projects\novelist\src\ralph\tree.py", line 105, in <lambda>
    return max(self.children, key=lambda c: c.uct_score(exploration_weight))
                                            ~~~~~~~~~~~^^^^^^^^^^^^^^^^^^^^
TypeError: 'float' object is not callable
