Traceback (most recent call last):
  File "C:\Users\lenovo\projects\novelist\src\server.py", line 164, in run_session
    result = await orchestrator.run(topic, output_dir=SESSIONS_DIR)
             ^^^^^^^^^^^^^^^^^^^^^^^^^^^^^^^^^^^^^^^^^^^^^^^^^^^^^^
  File "C:\Users\lenovo\projects\novelist\src\ralph\orchestrator.py", line 203, in run
    await self._run_iteration()
  File "C:\Users\lenovo\projects\novelist\src\ralph\orchestrator.py", line 328, in _run_iteration
    best_state = await self.tree_search.run_search(root_state)
                 ^^^^^^^^^^^^^^^^^^^^^^^^^^^^^^^^^^^^^^^^^^^^^
  File "C:\Users\lenovo\projects\novelist\src\ralph\tree_search_orchestrator.py", line 49, in run_search
    best_node = await self.mcts.search(
                ^^^^^^^^^^^^^^^^^^^^^^^
    ...<2 lines>...
    )
    ^
  File "C:\Users\lenovo\projects\novelist\src\ralph\mcts.py", line 55, in search
    print(f"MCTS: Initializing search from root (Depth {initial_state.depth})")
    ~~~~~^^^^^^^^^^^^^^^^^^^^^^^^^^^^^^^^^^^^^^^^^^^^^^^^^^^^^^^^^^^^^^^^^^^^^^
  File "C:\Python314\Lib\encodings\cp1252.py", line 19, in encode
    return codecs.charmap_encode(input,self.errors,encoding_table)[0]
           ~~~~~~~~~~~~~~~~~~~~~^^^^^^^^^^^^^^^^^^^^^^^^^^^^^^^^^^
UnicodeEncodeError: 'charmap' codec can't encode character '\U0001f331' in position 0: character maps to <undefined>
