Traceback (most recent call last):
  File "C:\Users\lenovo\projects\novelist\src\server.py", line 170, in run_session
    result = await orchestrator.run(topic, output_dir=SESSIONS_DIR)
             ^^^^^^^^^^^^^^^^^^^^^^^^^^^^^^^^^^^^^^^^^^^^^^^^^^^^^^
  File "C:\Users\lenovo\projects\novelist\src\ralph\orchestrator.py", line 203, in run
    await self._run_iteration()
  File "C:\Users\lenovo\projects\novelist\src\ralph\orchestrator.py", line 328, in _run_iteration
    best_state = await self.tree_search.run_search(root_state)
                 ^^^^^^^^^^^^^^^^^^^^^^^^^^^^^^^^^^^^^^^^^^^^^
  File "C:\Users\lenovo\projects\novelist\src\ralph\tree_search_orchestrator.py", line 49, in run_search
    best_node = await self.mcts.search(
                ^^^^^^^^^^^^^^^^^^^^^^^
    ...<2 lines>...
    )
    ^
  File "C:\Users\lenovo\projects\novelist\src\ralph\mcts.py", line 89, in search
    reward = await self._evaluate_fn(node)
             ^^^^^^^^^^^^^^^^^^^^^^^^^^^^^
  File "C:\Users\lenovo\projects\novelist\src\ralph\tree_search_orchestrator.py", line 185, in _evaluate_state
    h = Hypothesis(
         id=gh.id,
    ...<6 lines>...
         iteration=0
    )
  File "C:\Users\lenovo\AppData\Roaming\Python\Python314\site-packages\pydantic\main.py", line 250, in __init__
    validated_self = self.__pydantic_validator__.validate_python(data, self_instance=self)
pydantic_core._pydantic_core.ValidationError: 2 validation errors for Hypothesis
experimental_design
  List should have at least 1 item after validation, not 0 [type=too_short, input_value=[], input_type=list]
    For further information visit https://errors.pydantic.dev/2.12/v/too_short
novelty_keywords
  List should have at least 1 item after validation, not 0 [type=too_short, input_value=[], input_type=list]
    For further information visit https://errors.pydantic.dev/2.12/v/too_short
